<?xml version="1.0" encoding="UTF-8"?>
<testsuite name="mockito.PowerMockitoStaticVoidMethodExample" tests="1" skipped="0" failures="1" errors="0" timestamp="2017-02-17T11:59:19" hostname="MBP-van-Kayip" time="0.0">
  <properties/>
  <testcase name="initializationError" classname="mockito.PowerMockitoStaticVoidMethodExample" time="0.0">
    <failure message="java.lang.NoClassDefFoundError: org/mockito/exceptions/Reporter" type="java.lang.NoClassDefFoundError">java.lang.NoClassDefFoundError: org/mockito/exceptions/Reporter
	at sun.reflect.GeneratedSerializationConstructorAccessor36.newInstance(Unknown Source)
	at java.lang.reflect.Constructor.newInstance(Constructor.java:423)
	at org.objenesis.instantiator.sun.SunReflectionFactoryInstantiator.newInstance(SunReflectionFactoryInstantiator.java:48)
	at org.powermock.reflect.internal.WhiteboxImpl.newInstance(WhiteboxImpl.java:251)
	at org.powermock.reflect.Whitebox.newInstance(Whitebox.java:139)
	at org.powermock.api.extension.reporter.AbstractMockingFrameworkReporterFactory.getInstanceForClassLoader(AbstractMockingFrameworkReporterFactory.java:41)
	at org.powermock.api.extension.reporter.AbstractMockingFrameworkReporterFactory.create(AbstractMockingFrameworkReporterFactory.java:35)
	at org.powermock.modules.junit4.common.internal.impl.JUnit4TestSuiteChunkerImpl.getMockingFrameworkReporter(JUnit4TestSuiteChunkerImpl.java:140)
	at org.powermock.modules.junit4.common.internal.impl.JUnit4TestSuiteChunkerImpl.run(JUnit4TestSuiteChunkerImpl.java:119)
	at org.powermock.modules.junit4.common.internal.impl.AbstractCommonPowerMockRunner.run(AbstractCommonPowerMockRunner.java:53)
	at org.powermock.modules.junit4.PowerMockRunner.run(PowerMockRunner.java:59)
	at org.gradle.api.internal.tasks.testing.junit.JUnitTestClassExecuter.runTestClass(JUnitTestClassExecuter.java:114)
	at org.gradle.api.internal.tasks.testing.junit.JUnitTestClassExecuter.execute(JUnitTestClassExecuter.java:57)
	at org.gradle.api.internal.tasks.testing.junit.JUnitTestClassProcessor.processTestClass(JUnitTestClassProcessor.java:66)
	at org.gradle.api.internal.tasks.testing.SuiteTestClassProcessor.processTestClass(SuiteTestClassProcessor.java:51)
	at sun.reflect.NativeMethodAccessorImpl.invoke0(Native Method)
	at sun.reflect.NativeMethodAccessorImpl.invoke(NativeMethodAccessorImpl.java:62)
	at sun.reflect.DelegatingMethodAccessorImpl.invoke(DelegatingMethodAccessorImpl.java:43)
	at java.lang.reflect.Method.invoke(Method.java:498)
	at org.gradle.internal.dispatch.ReflectionDispatch.dispatch(ReflectionDispatch.java:35)
	at org.gradle.internal.dispatch.ReflectionDispatch.dispatch(ReflectionDispatch.java:24)
	at org.gradle.internal.dispatch.ContextClassLoaderDispatch.dispatch(ContextClassLoaderDispatch.java:32)
	at org.gradle.internal.dispatch.ProxyDispatchAdapter$DispatchingInvocationHandler.invoke(ProxyDispatchAdapter.java:93)
	at com.sun.proxy.$Proxy2.processTestClass(Unknown Source)
	at org.gradle.api.internal.tasks.testing.worker.TestWorker.processTestClass(TestWorker.java:109)
	at sun.reflect.NativeMethodAccessorImpl.invoke0(Native Method)
	at sun.reflect.NativeMethodAccessorImpl.invoke(NativeMethodAccessorImpl.java:62)
	at sun.reflect.DelegatingMethodAccessorImpl.invoke(DelegatingMethodAccessorImpl.java:43)
	at java.lang.reflect.Method.invoke(Method.java:498)
	at org.gradle.internal.dispatch.ReflectionDispatch.dispatch(ReflectionDispatch.java:35)
	at org.gradle.internal.dispatch.ReflectionDispatch.dispatch(ReflectionDispatch.java:24)
	at org.gradle.internal.remote.internal.hub.MessageHub$Handler.run(MessageHub.java:377)
	at org.gradle.internal.concurrent.ExecutorPolicy$CatchAndRecordFailures.onExecute(ExecutorPolicy.java:54)
	at org.gradle.internal.concurrent.StoppableExecutorImpl$1.run(StoppableExecutorImpl.java:40)
	at java.util.concurrent.ThreadPoolExecutor.runWorker(ThreadPoolExecutor.java:1142)
	at java.util.concurrent.ThreadPoolExecutor$Worker.run(ThreadPoolExecutor.java:617)
	at java.lang.Thread.run(Thread.java:745)
Caused by: java.lang.ClassNotFoundException: org.mockito.exceptions.Reporter
	at java.net.URLClassLoader.findClass(URLClassLoader.java:381)
	at java.lang.ClassLoader.loadClass(ClassLoader.java:424)
	at sun.misc.Launcher$AppClassLoader.loadClass(Launcher.java:331)
	at java.lang.ClassLoader.loadClass(ClassLoader.java:357)
	at org.powermock.core.classloader.MockClassLoader.loadModifiedClass(MockClassLoader.java:190)
	at org.powermock.core.classloader.DeferSupportingClassLoader.loadClass1(DeferSupportingClassLoader.java:77)
	at org.powermock.core.classloader.DeferSupportingClassLoader.loadClass(DeferSupportingClassLoader.java:67)
	at java.lang.ClassLoader.loadClass(ClassLoader.java:357)
	... 37 more
</failure>
  </testcase>
  <system-out><![CDATA[]]></system-out>
  <system-err><![CDATA[]]></system-err>
</testsuite>
